<?xml version="1.0" encoding="UTF-8"?>
<beans xmlns="http://www.springframework.org/schema/beans"
       xmlns:xsi="http://www.w3.org/2001/XMLSchema-instance"
       xmlns:context="http://www.springframework.org/schema/context"
       xsi:schemaLocation="http://www.springframework.org/schema/beans
       http://www.springframework.org/schema/beans/spring-beans.xsd
       http://www.springframework.org/schema/context
       http://www.springframework.org/schema/context/spring-context.xsd">

    <context:property-placeholder location="database.properties"/>

    <bean id="dataSource" class="org.springframework.jdbc.datasource.SimpleDriverDataSource">
        <property name="driverClass" value="${jdbc.driver}"/>
        <property name="url" value="${jdbc.url}"/>
        <property name="username" value="${jdbc.name}"/>
        <property name="password" value="${jdbc.password}"/>
    </bean>

    <bean id="userDao" class="me.toby.spring.user.dao.UserDaoJdbc">
        <property name="dataSource" ref="dataSource"/>
    </bean>

    <bean id="userService" class="me.toby.spring.user.service.TxProxyFactoryBean">
       <property name="target" ref="userServiceImpl"/>
        <property name="transactionManager" ref="transactionManager"/>
        <property name="pattern" value="upgrade"/>
        <property name="serviceInterface" value="me.toby.spring.user.service.UserService"/>
    </bean>

    <bean id="userServiceImpl" class="me.toby.spring.user.service.UserServiceImpl">
        <property name="userDao" ref="userDao"/>
        <property name="mailSender" ref="mailSender"/>
    </bean>

    <!-- real -->
<!--    <bean id="mailSender" class="org.springframework.mail.javamail.JavaMailSenderImpl">-->
<!--        <property name="host" value="mail.server.com"/>-->
<!--    </bean>-->

    <bean id="mailSender" class="me.toby.spring.user.service.DummyMailSender">
    </bean>

    <bean id="transactionManager"
          class="org.springframework.jdbc.datasource.DataSourceTransactionManager">
        <property name="dataSource" ref="dataSource"/>
    </bean>
</beans>